[     870ms] [INFO] %cDownload the React DevTools for a better development experience: https://reactjs.org/link/react-devtools font-weight:bold @ webpack-internal:///(app-pages-browser)/./node_modules/next/dist/compiled/react-dom/cjs/react-dom.development.js:38559
[   20221ms] [LOG] [Fast Refresh] rebuilding @ webpack-internal:///(app-pages-browser)/./node_modules/next/dist/client/components/react-dev-overlay/app/hot-reloader-client.js:186
[   20663ms] [LOG] [Fast Refresh] done in 441ms @ webpack-internal:///(app-pages-browser)/./node_modules/next/dist/client/components/react-dev-overlay/app/hot-reloader-client.js:43
[   53555ms] [LOG] [Fast Refresh] rebuilding @ webpack-internal:///(app-pages-browser)/./node_modules/next/dist/client/components/react-dev-overlay/app/hot-reloader-client.js:186
[   53806ms] [LOG] [Fast Refresh] rebuilding @ webpack-internal:///(app-pages-browser)/./node_modules/next/dist/client/components/react-dev-overlay/app/hot-reloader-client.js:186
[   53836ms] [LOG] [Fast Refresh] done in 30ms @ webpack-internal:///(app-pages-browser)/./node_modules/next/dist/client/components/react-dev-overlay/app/hot-reloader-client.js:43
[   54773ms] Error: HeroCameraModel is not defined
    at HomePage (webpack-internal:///(rsc)/./app/page.tsx:113:97)
    at eC (C:\Users\rdenimal\Documents\App_Novadis\site_novadis\node_modules\next\dist\compiled\next-server\app-page.runtime.dev.js:35:265189)
    at e (C:\Users\rdenimal\Documents\App_Novadis\site_novadis\node_modules\next\dist\compiled\next-server\app-page.runtime.dev.js:35:269321)
    at eL (C:\Users\rdenimal\Documents\App_Novadis\site_novadis\node_modules\next\dist\compiled\next-server\app-page.runtime.dev.js:35:269809)
    at eJ (C:\Users\rdenimal\Documents\App_Novadis\site_novadis\node_modules\next\dist\compiled\next-server\app-page.runtime.dev.js:35:275773)
    at eR (C:\Users\rdenimal\Documents\App_Novadis\site_novadis\node_modules\next\dist\compiled\next-server\app-page.runtime.dev.js:35:266017)
    at eC (C:\Users\rdenimal\Documents\App_Novadis\site_novadis\node_modules\next\dist\compiled\next-server\app-page.runtime.dev.js:35:265059)
    at e (C:\Users\rdenimal\Documents\App_Novadis\site_novadis\node_modules\next\dist\compiled\next-server\app-page.runtime.dev.js:35:269321)
    at eL (C:\Users\rdenimal\Documents\App_Novadis\site_novadis\node_modules\next\dist\compiled\next-server\app-page.runtime.dev.js:35:269809)
    at C:\Users\rdenimal\Documents\App_Novadis\site_novadis\node_modules\next\dist\compiled\next-server\app-page.runtime.dev.js:35:267040
    at Array.toJSON (C:\Users\rdenimal\Documents\App_Novadis\site_novadis\node_modules\next\dist\compiled\next-server\app-page.runtime.dev.js:35:267504)
    at stringify (<anonymous>)
    at eJ (C:\Users\rdenimal\Documents\App_Novadis\site_novadis\node_modules\next\dist\compiled\next-server\app-page.runtime.dev.js:35:275872)
    at eV (C:\Users\rdenimal\Documents\App_Novadis\site_novadis\node_modules\next\dist\compiled\next-server\app-page.runtime.dev.js:35:276390)
    at AsyncLocalStorage.run (node:internal/async_local_storage/async_context_frame:63:14)
    at Timeout._onTimeout (C:\Users\rdenimal\Documents\App_Novadis\site_novadis\node_modules\next\dist\compiled\next-server\app-page.runtime.dev.js:35:284753)
    at listOnTimeout (node:internal/timers:605:17)
    at process.processTimers (node:internal/timers:541:7)
[   54778ms] Error: HeroCameraModel is not defined
    at HomePage (webpack-internal:///(rsc)/./app/page.tsx:113:97)
    at eC (C:\Users\rdenimal\Documents\App_Novadis\site_novadis\node_modules\next\dist\compiled\next-server\app-page.runtime.dev.js:35:265189)
    at e (C:\Users\rdenimal\Documents\App_Novadis\site_novadis\node_modules\next\dist\compiled\next-server\app-page.runtime.dev.js:35:269321)
    at eL (C:\Users\rdenimal\Documents\App_Novadis\site_novadis\node_modules\next\dist\compiled\next-server\app-page.runtime.dev.js:35:269809)
    at eJ (C:\Users\rdenimal\Documents\App_Novadis\site_novadis\node_modules\next\dist\compiled\next-server\app-page.runtime.dev.js:35:275773)
    at eR (C:\Users\rdenimal\Documents\App_Novadis\site_novadis\node_modules\next\dist\compiled\next-server\app-page.runtime.dev.js:35:266017)
    at eC (C:\Users\rdenimal\Documents\App_Novadis\site_novadis\node_modules\next\dist\compiled\next-server\app-page.runtime.dev.js:35:265059)
    at e (C:\Users\rdenimal\Documents\App_Novadis\site_novadis\node_modules\next\dist\compiled\next-server\app-page.runtime.dev.js:35:269321)
    at eL (C:\Users\rdenimal\Documents\App_Novadis\site_novadis\node_modules\next\dist\compiled\next-server\app-page.runtime.dev.js:35:269809)
    at C:\Users\rdenimal\Documents\App_Novadis\site_novadis\node_modules\next\dist\compiled\next-server\app-page.runtime.dev.js:35:267040
    at Array.toJSON (C:\Users\rdenimal\Documents\App_Novadis\site_novadis\node_modules\next\dist\compiled\next-server\app-page.runtime.dev.js:35:267504)
    at stringify (<anonymous>)
    at eJ (C:\Users\rdenimal\Documents\App_Novadis\site_novadis\node_modules\next\dist\compiled\next-server\app-page.runtime.dev.js:35:275872)
    at eV (C:\Users\rdenimal\Documents\App_Novadis\site_novadis\node_modules\next\dist\compiled\next-server\app-page.runtime.dev.js:35:276390)
    at AsyncLocalStorage.run (node:internal/async_local_storage/async_context_frame:63:14)
    at Timeout._onTimeout (C:\Users\rdenimal\Documents\App_Novadis\site_novadis\node_modules\next\dist\compiled\next-server\app-page.runtime.dev.js:35:284753)
    at listOnTimeout (node:internal/timers:605:17)
    at process.processTimers (node:internal/timers:541:7)
[   54779ms] Error: HeroCameraModel is not defined
    at HomePage (webpack-internal:///(rsc)/./app/page.tsx:113:97)
    at eC (C:\Users\rdenimal\Documents\App_Novadis\site_novadis\node_modules\next\dist\compiled\next-server\app-page.runtime.dev.js:35:265189)
    at e (C:\Users\rdenimal\Documents\App_Novadis\site_novadis\node_modules\next\dist\compiled\next-server\app-page.runtime.dev.js:35:269321)
    at eL (C:\Users\rdenimal\Documents\App_Novadis\site_novadis\node_modules\next\dist\compiled\next-server\app-page.runtime.dev.js:35:269809)
    at eJ (C:\Users\rdenimal\Documents\App_Novadis\site_novadis\node_modules\next\dist\compiled\next-server\app-page.runtime.dev.js:35:275773)
    at eR (C:\Users\rdenimal\Documents\App_Novadis\site_novadis\node_modules\next\dist\compiled\next-server\app-page.runtime.dev.js:35:266017)
    at eC (C:\Users\rdenimal\Documents\App_Novadis\site_novadis\node_modules\next\dist\compiled\next-server\app-page.runtime.dev.js:35:265059)
    at e (C:\Users\rdenimal\Documents\App_Novadis\site_novadis\node_modules\next\dist\compiled\next-server\app-page.runtime.dev.js:35:269321)
    at eL (C:\Users\rdenimal\Documents\App_Novadis\site_novadis\node_modules\next\dist\compiled\next-server\app-page.runtime.dev.js:35:269809)
    at C:\Users\rdenimal\Documents\App_Novadis\site_novadis\node_modules\next\dist\compiled\next-server\app-page.runtime.dev.js:35:267040
    at Array.toJSON (C:\Users\rdenimal\Documents\App_Novadis\site_novadis\node_modules\next\dist\compiled\next-server\app-page.runtime.dev.js:35:267504)
    at stringify (<anonymous>)
    at eJ (C:\Users\rdenimal\Documents\App_Novadis\site_novadis\node_modules\next\dist\compiled\next-server\app-page.runtime.dev.js:35:275872)
    at eV (C:\Users\rdenimal\Documents\App_Novadis\site_novadis\node_modules\next\dist\compiled\next-server\app-page.runtime.dev.js:35:276390)
    at AsyncLocalStorage.run (node:internal/async_local_storage/async_context_frame:63:14)
    at Timeout._onTimeout (C:\Users\rdenimal\Documents\App_Novadis\site_novadis\node_modules\next\dist\compiled\next-server\app-page.runtime.dev.js:35:284753)
    at listOnTimeout (node:internal/timers:605:17)
    at process.processTimers (node:internal/timers:541:7)
[   54784ms] Error: HeroCameraModel is not defined
    at HomePage (webpack-internal:///(rsc)/./app/page.tsx:113:97)
    at eC (C:\Users\rdenimal\Documents\App_Novadis\site_novadis\node_modules\next\dist\compiled\next-server\app-page.runtime.dev.js:35:265189)
    at e (C:\Users\rdenimal\Documents\App_Novadis\site_novadis\node_modules\next\dist\compiled\next-server\app-page.runtime.dev.js:35:269321)
    at eL (C:\Users\rdenimal\Documents\App_Novadis\site_novadis\node_modules\next\dist\compiled\next-server\app-page.runtime.dev.js:35:269809)
    at eJ (C:\Users\rdenimal\Documents\App_Novadis\site_novadis\node_modules\next\dist\compiled\next-server\app-page.runtime.dev.js:35:275773)
    at eR (C:\Users\rdenimal\Documents\App_Novadis\site_novadis\node_modules\next\dist\compiled\next-server\app-page.runtime.dev.js:35:266017)
    at eC (C:\Users\rdenimal\Documents\App_Novadis\site_novadis\node_modules\next\dist\compiled\next-server\app-page.runtime.dev.js:35:265059)
    at e (C:\Users\rdenimal\Documents\App_Novadis\site_novadis\node_modules\next\dist\compiled\next-server\app-page.runtime.dev.js:35:269321)
    at eL (C:\Users\rdenimal\Documents\App_Novadis\site_novadis\node_modules\next\dist\compiled\next-server\app-page.runtime.dev.js:35:269809)
    at C:\Users\rdenimal\Documents\App_Novadis\site_novadis\node_modules\next\dist\compiled\next-server\app-page.runtime.dev.js:35:267040
    at Array.toJSON (C:\Users\rdenimal\Documents\App_Novadis\site_novadis\node_modules\next\dist\compiled\next-server\app-page.runtime.dev.js:35:267504)
    at stringify (<anonymous>)
    at eJ (C:\Users\rdenimal\Documents\App_Novadis\site_novadis\node_modules\next\dist\compiled\next-server\app-page.runtime.dev.js:35:275872)
    at eV (C:\Users\rdenimal\Documents\App_Novadis\site_novadis\node_modules\next\dist\compiled\next-server\app-page.runtime.dev.js:35:276390)
    at AsyncLocalStorage.run (node:internal/async_local_storage/async_context_frame:63:14)
    at Timeout._onTimeout (C:\Users\rdenimal\Documents\App_Novadis\site_novadis\node_modules\next\dist\compiled\next-server\app-page.runtime.dev.js:35:284753)
    at listOnTimeout (node:internal/timers:605:17)
    at process.processTimers (node:internal/timers:541:7)
[   54785ms] Error: HeroCameraModel is not defined
    at HomePage (webpack-internal:///(rsc)/./app/page.tsx:113:97)
    at eC (C:\Users\rdenimal\Documents\App_Novadis\site_novadis\node_modules\next\dist\compiled\next-server\app-page.runtime.dev.js:35:265189)
    at e (C:\Users\rdenimal\Documents\App_Novadis\site_novadis\node_modules\next\dist\compiled\next-server\app-page.runtime.dev.js:35:269321)
    at eL (C:\Users\rdenimal\Documents\App_Novadis\site_novadis\node_modules\next\dist\compiled\next-server\app-page.runtime.dev.js:35:269809)
    at eJ (C:\Users\rdenimal\Documents\App_Novadis\site_novadis\node_modules\next\dist\compiled\next-server\app-page.runtime.dev.js:35:275773)
    at eR (C:\Users\rdenimal\Documents\App_Novadis\site_novadis\node_modules\next\dist\compiled\next-server\app-page.runtime.dev.js:35:266017)
    at eC (C:\Users\rdenimal\Documents\App_Novadis\site_novadis\node_modules\next\dist\compiled\next-server\app-page.runtime.dev.js:35:265059)
    at e (C:\Users\rdenimal\Documents\App_Novadis\site_novadis\node_modules\next\dist\compiled\next-server\app-page.runtime.dev.js:35:269321)
    at eL (C:\Users\rdenimal\Documents\App_Novadis\site_novadis\node_modules\next\dist\compiled\next-server\app-page.runtime.dev.js:35:269809)
    at C:\Users\rdenimal\Documents\App_Novadis\site_novadis\node_modules\next\dist\compiled\next-server\app-page.runtime.dev.js:35:267040
    at Array.toJSON (C:\Users\rdenimal\Documents\App_Novadis\site_novadis\node_modules\next\dist\compiled\next-server\app-page.runtime.dev.js:35:267504)
    at stringify (<anonymous>)
    at eJ (C:\Users\rdenimal\Documents\App_Novadis\site_novadis\node_modules\next\dist\compiled\next-server\app-page.runtime.dev.js:35:275872)
    at eV (C:\Users\rdenimal\Documents\App_Novadis\site_novadis\node_modules\next\dist\compiled\next-server\app-page.runtime.dev.js:35:276390)
    at AsyncLocalStorage.run (node:internal/async_local_storage/async_context_frame:63:14)
    at Timeout._onTimeout (C:\Users\rdenimal\Documents\App_Novadis\site_novadis\node_modules\next\dist\compiled\next-server\app-page.runtime.dev.js:35:284753)
    at listOnTimeout (node:internal/timers:605:17)
    at process.processTimers (node:internal/timers:541:7)
[   54785ms] Error: HeroCameraModel is not defined
    at HomePage (webpack-internal:///(rsc)/./app/page.tsx:113:97)
    at eC (C:\Users\rdenimal\Documents\App_Novadis\site_novadis\node_modules\next\dist\compiled\next-server\app-page.runtime.dev.js:35:265189)
    at e (C:\Users\rdenimal\Documents\App_Novadis\site_novadis\node_modules\next\dist\compiled\next-server\app-page.runtime.dev.js:35:269321)
    at eL (C:\Users\rdenimal\Documents\App_Novadis\site_novadis\node_modules\next\dist\compiled\next-server\app-page.runtime.dev.js:35:269809)
    at eJ (C:\Users\rdenimal\Documents\App_Novadis\site_novadis\node_modules\next\dist\compiled\next-server\app-page.runtime.dev.js:35:275773)
    at eR (C:\Users\rdenimal\Documents\App_Novadis\site_novadis\node_modules\next\dist\compiled\next-server\app-page.runtime.dev.js:35:266017)
    at eC (C:\Users\rdenimal\Documents\App_Novadis\site_novadis\node_modules\next\dist\compiled\next-server\app-page.runtime.dev.js:35:265059)
    at e (C:\Users\rdenimal\Documents\App_Novadis\site_novadis\node_modules\next\dist\compiled\next-server\app-page.runtime.dev.js:35:269321)
    at eL (C:\Users\rdenimal\Documents\App_Novadis\site_novadis\node_modules\next\dist\compiled\next-server\app-page.runtime.dev.js:35:269809)
    at C:\Users\rdenimal\Documents\App_Novadis\site_novadis\node_modules\next\dist\compiled\next-server\app-page.runtime.dev.js:35:267040
    at Array.toJSON (C:\Users\rdenimal\Documents\App_Novadis\site_novadis\node_modules\next\dist\compiled\next-server\app-page.runtime.dev.js:35:267504)
    at stringify (<anonymous>)
    at eJ (C:\Users\rdenimal\Documents\App_Novadis\site_novadis\node_modules\next\dist\compiled\next-server\app-page.runtime.dev.js:35:275872)
    at eV (C:\Users\rdenimal\Documents\App_Novadis\site_novadis\node_modules\next\dist\compiled\next-server\app-page.runtime.dev.js:35:276390)
    at AsyncLocalStorage.run (node:internal/async_local_storage/async_context_frame:63:14)
    at Timeout._onTimeout (C:\Users\rdenimal\Documents\App_Novadis\site_novadis\node_modules\next\dist\compiled\next-server\app-page.runtime.dev.js:35:284753)
    at listOnTimeout (node:internal/timers:605:17)
    at process.processTimers (node:internal/timers:541:7)
[   54792ms] [LOG] [Fast Refresh] done in 986ms @ webpack-internal:///(app-pages-browser)/./node_modules/next/dist/client/components/react-dev-overlay/app/hot-reloader-client.js:43
[   54834ms] Error: HeroCameraModel is not defined
    at HomePage (webpack-internal:///(rsc)/./app/page.tsx:113:97)
    at eC (C:\Users\rdenimal\Documents\App_Novadis\site_novadis\node_modules\next\dist\compiled\next-server\app-page.runtime.dev.js:35:265189)
    at e (C:\Users\rdenimal\Documents\App_Novadis\site_novadis\node_modules\next\dist\compiled\next-server\app-page.runtime.dev.js:35:269321)
    at eL (C:\Users\rdenimal\Documents\App_Novadis\site_novadis\node_modules\next\dist\compiled\next-server\app-page.runtime.dev.js:35:269809)
    at eJ (C:\Users\rdenimal\Documents\App_Novadis\site_novadis\node_modules\next\dist\compiled\next-server\app-page.runtime.dev.js:35:275773)
    at eR (C:\Users\rdenimal\Documents\App_Novadis\site_novadis\node_modules\next\dist\compiled\next-server\app-page.runtime.dev.js:35:266017)
    at eC (C:\Users\rdenimal\Documents\App_Novadis\site_novadis\node_modules\next\dist\compiled\next-server\app-page.runtime.dev.js:35:265059)
    at e (C:\Users\rdenimal\Documents\App_Novadis\site_novadis\node_modules\next\dist\compiled\next-server\app-page.runtime.dev.js:35:269321)
    at eL (C:\Users\rdenimal\Documents\App_Novadis\site_novadis\node_modules\next\dist\compiled\next-server\app-page.runtime.dev.js:35:269809)
    at C:\Users\rdenimal\Documents\App_Novadis\site_novadis\node_modules\next\dist\compiled\next-server\app-page.runtime.dev.js:35:267040
    at Array.toJSON (C:\Users\rdenimal\Documents\App_Novadis\site_novadis\node_modules\next\dist\compiled\next-server\app-page.runtime.dev.js:35:267504)
    at stringify (<anonymous>)
    at eJ (C:\Users\rdenimal\Documents\App_Novadis\site_novadis\node_modules\next\dist\compiled\next-server\app-page.runtime.dev.js:35:275872)
    at eV (C:\Users\rdenimal\Documents\App_Novadis\site_novadis\node_modules\next\dist\compiled\next-server\app-page.runtime.dev.js:35:276390)
    at AsyncLocalStorage.run (node:internal/async_local_storage/async_context_frame:63:14)
    at Timeout._onTimeout (C:\Users\rdenimal\Documents\App_Novadis\site_novadis\node_modules\next\dist\compiled\next-server\app-page.runtime.dev.js:35:284753)
    at listOnTimeout (node:internal/timers:605:17)
    at process.processTimers (node:internal/timers:541:7)
[   54834ms] Error: HeroCameraModel is not defined
    at HomePage (webpack-internal:///(rsc)/./app/page.tsx:113:97)
    at eC (C:\Users\rdenimal\Documents\App_Novadis\site_novadis\node_modules\next\dist\compiled\next-server\app-page.runtime.dev.js:35:265189)
    at e (C:\Users\rdenimal\Documents\App_Novadis\site_novadis\node_modules\next\dist\compiled\next-server\app-page.runtime.dev.js:35:269321)
    at eL (C:\Users\rdenimal\Documents\App_Novadis\site_novadis\node_modules\next\dist\compiled\next-server\app-page.runtime.dev.js:35:269809)
    at eJ (C:\Users\rdenimal\Documents\App_Novadis\site_novadis\node_modules\next\dist\compiled\next-server\app-page.runtime.dev.js:35:275773)
    at eR (C:\Users\rdenimal\Documents\App_Novadis\site_novadis\node_modules\next\dist\compiled\next-server\app-page.runtime.dev.js:35:266017)
    at eC (C:\Users\rdenimal\Documents\App_Novadis\site_novadis\node_modules\next\dist\compiled\next-server\app-page.runtime.dev.js:35:265059)
    at e (C:\Users\rdenimal\Documents\App_Novadis\site_novadis\node_modules\next\dist\compiled\next-server\app-page.runtime.dev.js:35:269321)
    at eL (C:\Users\rdenimal\Documents\App_Novadis\site_novadis\node_modules\next\dist\compiled\next-server\app-page.runtime.dev.js:35:269809)
    at C:\Users\rdenimal\Documents\App_Novadis\site_novadis\node_modules\next\dist\compiled\next-server\app-page.runtime.dev.js:35:267040
    at Array.toJSON (C:\Users\rdenimal\Documents\App_Novadis\site_novadis\node_modules\next\dist\compiled\next-server\app-page.runtime.dev.js:35:267504)
    at stringify (<anonymous>)
    at eJ (C:\Users\rdenimal\Documents\App_Novadis\site_novadis\node_modules\next\dist\compiled\next-server\app-page.runtime.dev.js:35:275872)
    at eV (C:\Users\rdenimal\Documents\App_Novadis\site_novadis\node_modules\next\dist\compiled\next-server\app-page.runtime.dev.js:35:276390)
    at AsyncLocalStorage.run (node:internal/async_local_storage/async_context_frame:63:14)
    at Timeout._onTimeout (C:\Users\rdenimal\Documents\App_Novadis\site_novadis\node_modules\next\dist\compiled\next-server\app-page.runtime.dev.js:35:284753)
    at listOnTimeout (node:internal/timers:605:17)
    at process.processTimers (node:internal/timers:541:7)
[   54834ms] Error: HeroCameraModel is not defined
    at HomePage (webpack-internal:///(rsc)/./app/page.tsx:113:97)
    at eC (C:\Users\rdenimal\Documents\App_Novadis\site_novadis\node_modules\next\dist\compiled\next-server\app-page.runtime.dev.js:35:265189)
    at e (C:\Users\rdenimal\Documents\App_Novadis\site_novadis\node_modules\next\dist\compiled\next-server\app-page.runtime.dev.js:35:269321)
    at eL (C:\Users\rdenimal\Documents\App_Novadis\site_novadis\node_modules\next\dist\compiled\next-server\app-page.runtime.dev.js:35:269809)
    at eJ (C:\Users\rdenimal\Documents\App_Novadis\site_novadis\node_modules\next\dist\compiled\next-server\app-page.runtime.dev.js:35:275773)
    at eR (C:\Users\rdenimal\Documents\App_Novadis\site_novadis\node_modules\next\dist\compiled\next-server\app-page.runtime.dev.js:35:266017)
    at eC (C:\Users\rdenimal\Documents\App_Novadis\site_novadis\node_modules\next\dist\compiled\next-server\app-page.runtime.dev.js:35:265059)
    at e (C:\Users\rdenimal\Documents\App_Novadis\site_novadis\node_modules\next\dist\compiled\next-server\app-page.runtime.dev.js:35:269321)
    at eL (C:\Users\rdenimal\Documents\App_Novadis\site_novadis\node_modules\next\dist\compiled\next-server\app-page.runtime.dev.js:35:269809)
    at C:\Users\rdenimal\Documents\App_Novadis\site_novadis\node_modules\next\dist\compiled\next-server\app-page.runtime.dev.js:35:267040
    at Array.toJSON (C:\Users\rdenimal\Documents\App_Novadis\site_novadis\node_modules\next\dist\compiled\next-server\app-page.runtime.dev.js:35:267504)
    at stringify (<anonymous>)
    at eJ (C:\Users\rdenimal\Documents\App_Novadis\site_novadis\node_modules\next\dist\compiled\next-server\app-page.runtime.dev.js:35:275872)
    at eV (C:\Users\rdenimal\Documents\App_Novadis\site_novadis\node_modules\next\dist\compiled\next-server\app-page.runtime.dev.js:35:276390)
    at AsyncLocalStorage.run (node:internal/async_local_storage/async_context_frame:63:14)
    at Timeout._onTimeout (C:\Users\rdenimal\Documents\App_Novadis\site_novadis\node_modules\next\dist\compiled\next-server\app-page.runtime.dev.js:35:284753)
    at listOnTimeout (node:internal/timers:605:17)
    at process.processTimers (node:internal/timers:541:7)
[   54837ms] Error: HeroCameraModel is not defined
    at HomePage (webpack-internal:///(rsc)/./app/page.tsx:113:97)
    at eC (C:\Users\rdenimal\Documents\App_Novadis\site_novadis\node_modules\next\dist\compiled\next-server\app-page.runtime.dev.js:35:265189)
    at e (C:\Users\rdenimal\Documents\App_Novadis\site_novadis\node_modules\next\dist\compiled\next-server\app-page.runtime.dev.js:35:269321)
    at eL (C:\Users\rdenimal\Documents\App_Novadis\site_novadis\node_modules\next\dist\compiled\next-server\app-page.runtime.dev.js:35:269809)
    at eJ (C:\Users\rdenimal\Documents\App_Novadis\site_novadis\node_modules\next\dist\compiled\next-server\app-page.runtime.dev.js:35:275773)
    at eR (C:\Users\rdenimal\Documents\App_Novadis\site_novadis\node_modules\next\dist\compiled\next-server\app-page.runtime.dev.js:35:266017)
    at eC (C:\Users\rdenimal\Documents\App_Novadis\site_novadis\node_modules\next\dist\compiled\next-server\app-page.runtime.dev.js:35:265059)
    at e (C:\Users\rdenimal\Documents\App_Novadis\site_novadis\node_modules\next\dist\compiled\next-server\app-page.runtime.dev.js:35:269321)
    at eL (C:\Users\rdenimal\Documents\App_Novadis\site_novadis\node_modules\next\dist\compiled\next-server\app-page.runtime.dev.js:35:269809)
    at C:\Users\rdenimal\Documents\App_Novadis\site_novadis\node_modules\next\dist\compiled\next-server\app-page.runtime.dev.js:35:267040
    at Array.toJSON (C:\Users\rdenimal\Documents\App_Novadis\site_novadis\node_modules\next\dist\compiled\next-server\app-page.runtime.dev.js:35:267504)
    at stringify (<anonymous>)
    at eJ (C:\Users\rdenimal\Documents\App_Novadis\site_novadis\node_modules\next\dist\compiled\next-server\app-page.runtime.dev.js:35:275872)
    at eV (C:\Users\rdenimal\Documents\App_Novadis\site_novadis\node_modules\next\dist\compiled\next-server\app-page.runtime.dev.js:35:276390)
    at AsyncLocalStorage.run (node:internal/async_local_storage/async_context_frame:63:14)
    at Timeout._onTimeout (C:\Users\rdenimal\Documents\App_Novadis\site_novadis\node_modules\next\dist\compiled\next-server\app-page.runtime.dev.js:35:284753)
    at listOnTimeout (node:internal/timers:605:17)
    at process.processTimers (node:internal/timers:541:7)
[   54838ms] Error: HeroCameraModel is not defined
    at HomePage (webpack-internal:///(rsc)/./app/page.tsx:113:97)
    at eC (C:\Users\rdenimal\Documents\App_Novadis\site_novadis\node_modules\next\dist\compiled\next-server\app-page.runtime.dev.js:35:265189)
    at e (C:\Users\rdenimal\Documents\App_Novadis\site_novadis\node_modules\next\dist\compiled\next-server\app-page.runtime.dev.js:35:269321)
    at eL (C:\Users\rdenimal\Documents\App_Novadis\site_novadis\node_modules\next\dist\compiled\next-server\app-page.runtime.dev.js:35:269809)
    at eJ (C:\Users\rdenimal\Documents\App_Novadis\site_novadis\node_modules\next\dist\compiled\next-server\app-page.runtime.dev.js:35:275773)
    at eR (C:\Users\rdenimal\Documents\App_Novadis\site_novadis\node_modules\next\dist\compiled\next-server\app-page.runtime.dev.js:35:266017)
    at eC (C:\Users\rdenimal\Documents\App_Novadis\site_novadis\node_modules\next\dist\compiled\next-server\app-page.runtime.dev.js:35:265059)
    at e (C:\Users\rdenimal\Documents\App_Novadis\site_novadis\node_modules\next\dist\compiled\next-server\app-page.runtime.dev.js:35:269321)
    at eL (C:\Users\rdenimal\Documents\App_Novadis\site_novadis\node_modules\next\dist\compiled\next-server\app-page.runtime.dev.js:35:269809)
    at C:\Users\rdenimal\Documents\App_Novadis\site_novadis\node_modules\next\dist\compiled\next-server\app-page.runtime.dev.js:35:267040
    at Array.toJSON (C:\Users\rdenimal\Documents\App_Novadis\site_novadis\node_modules\next\dist\compiled\next-server\app-page.runtime.dev.js:35:267504)
    at stringify (<anonymous>)
    at eJ (C:\Users\rdenimal\Documents\App_Novadis\site_novadis\node_modules\next\dist\compiled\next-server\app-page.runtime.dev.js:35:275872)
    at eV (C:\Users\rdenimal\Documents\App_Novadis\site_novadis\node_modules\next\dist\compiled\next-server\app-page.runtime.dev.js:35:276390)
    at AsyncLocalStorage.run (node:internal/async_local_storage/async_context_frame:63:14)
    at Timeout._onTimeout (C:\Users\rdenimal\Documents\App_Novadis\site_novadis\node_modules\next\dist\compiled\next-server\app-page.runtime.dev.js:35:284753)
    at listOnTimeout (node:internal/timers:605:17)
    at process.processTimers (node:internal/timers:541:7)
[   54839ms] Error: HeroCameraModel is not defined
    at HomePage (webpack-internal:///(rsc)/./app/page.tsx:113:97)
    at eC (C:\Users\rdenimal\Documents\App_Novadis\site_novadis\node_modules\next\dist\compiled\next-server\app-page.runtime.dev.js:35:265189)
    at e (C:\Users\rdenimal\Documents\App_Novadis\site_novadis\node_modules\next\dist\compiled\next-server\app-page.runtime.dev.js:35:269321)
    at eL (C:\Users\rdenimal\Documents\App_Novadis\site_novadis\node_modules\next\dist\compiled\next-server\app-page.runtime.dev.js:35:269809)
    at eJ (C:\Users\rdenimal\Documents\App_Novadis\site_novadis\node_modules\next\dist\compiled\next-server\app-page.runtime.dev.js:35:275773)
    at eR (C:\Users\rdenimal\Documents\App_Novadis\site_novadis\node_modules\next\dist\compiled\next-server\app-page.runtime.dev.js:35:266017)
    at eC (C:\Users\rdenimal\Documents\App_Novadis\site_novadis\node_modules\next\dist\compiled\next-server\app-page.runtime.dev.js:35:265059)
    at e (C:\Users\rdenimal\Documents\App_Novadis\site_novadis\node_modules\next\dist\compiled\next-server\app-page.runtime.dev.js:35:269321)
    at eL (C:\Users\rdenimal\Documents\App_Novadis\site_novadis\node_modules\next\dist\compiled\next-server\app-page.runtime.dev.js:35:269809)
    at C:\Users\rdenimal\Documents\App_Novadis\site_novadis\node_modules\next\dist\compiled\next-server\app-page.runtime.dev.js:35:267040
    at Array.toJSON (C:\Users\rdenimal\Documents\App_Novadis\site_novadis\node_modules\next\dist\compiled\next-server\app-page.runtime.dev.js:35:267504)
    at stringify (<anonymous>)
    at eJ (C:\Users\rdenimal\Documents\App_Novadis\site_novadis\node_modules\next\dist\compiled\next-server\app-page.runtime.dev.js:35:275872)
    at eV (C:\Users\rdenimal\Documents\App_Novadis\site_novadis\node_modules\next\dist\compiled\next-server\app-page.runtime.dev.js:35:276390)
    at AsyncLocalStorage.run (node:internal/async_local_storage/async_context_frame:63:14)
    at Timeout._onTimeout (C:\Users\rdenimal\Documents\App_Novadis\site_novadis\node_modules\next\dist\compiled\next-server\app-page.runtime.dev.js:35:284753)
    at listOnTimeout (node:internal/timers:605:17)
    at process.processTimers (node:internal/timers:541:7)
[   54846ms] [ERROR] The above error occurred in the <NotFoundErrorBoundary> component:

    at InnerLayoutRouter (webpack-internal:///(app-pages-browser)/./node_modules/next/dist/client/components/layout-router.js:243:11)
    at RedirectErrorBoundary (webpack-internal:///(app-pages-browser)/./node_modules/next/dist/client/components/redirect-boundary.js:74:9)
    at RedirectBoundary (webpack-internal:///(app-pages-browser)/./node_modules/next/dist/client/components/redirect-boundary.js:82:11)
    at NotFoundErrorBoundary (webpack-internal:///(app-pages-browser)/./node_modules/next/dist/client/components/not-found-boundary.js:76:9)
    at NotFoundBoundary (webpack-internal:///(app-pages-browser)/./node_modules/next/dist/client/components/not-found-boundary.js:84:11)
    at LoadingBoundary (webpack-internal:///(app-pages-browser)/./node_modules/next/dist/client/components/layout-router.js:349:11)
    at ErrorBoundaryHandler (webpack-internal:///(app-pages-browser)/./node_modules/next/dist/client/components/error-boundary.js:113:9)
    at ErrorBoundary (webpack-internal:///(app-pages-browser)/./node_modules/next/dist/client/components/error-boundary.js:160:11)
    at InnerScrollAndFocusHandler (webpack-internal:///(app-pages-browser)/./node_modules/next/dist/client/components/layout-router.js:153:9)
    at ScrollAndFocusHandler (webpack-internal:///(app-pages-browser)/./node_modules/next/dist/client/components/layout-router.js:228:11)
    at RenderFromTemplateContext (webpack-internal:///(app-pages-browser)/./node_modules/next/dist/client/components/render-from-template-context.js:16:44)
    at OuterLayoutRouter (webpack-internal:///(app-pages-browser)/./node_modules/next/dist/client/components/layout-router.js:370:11)
    at body
    at html
    at RootLayout (Server)
    at RedirectErrorBoundary (webpack-internal:///(app-pages-browser)/./node_modules/next/dist/client/components/redirect-boundary.js:74:9)
    at RedirectBoundary (webpack-internal:///(app-pages-browser)/./node_modules/next/dist/client/components/redirect-boundary.js:82:11)
    at NotFoundErrorBoundary (webpack-internal:///(app-pages-browser)/./node_modules/next/dist/client/components/not-found-boundary.js:76:9)
    at NotFoundBoundary (webpack-internal:///(app-pages-browser)/./node_modules/next/dist/client/components/not-found-boundary.js:84:11)
    at DevRootNotFoundBoundary (webpack-internal:///(app-pages-browser)/./node_modules/next/dist/client/components/dev-root-not-found-boundary.js:33:11)
    at ReactDevOverlay (webpack-internal:///(app-pages-browser)/./node_modules/next/dist/client/components/react-dev-overlay/app/ReactDevOverlay.js:87:9)
    at HotReload (webpack-internal:///(app-pages-browser)/./node_modules/next/dist/client/components/react-dev-overlay/app/hot-reloader-client.js:321:11)
    at Router (webpack-internal:///(app-pages-browser)/./node_modules/next/dist/client/components/app-router.js:207:11)
    at ErrorBoundaryHandler (webpack-internal:///(app-pages-browser)/./node_modules/next/dist/client/components/error-boundary.js:113:9)
    at ErrorBoundary (webpack-internal:///(app-pages-browser)/./node_modules/next/dist/client/components/error-boundary.js:160:11)
    at AppRouter (webpack-internal:///(app-pages-browser)/./node_modules/next/dist/client/components/app-router.js:585:13)
    at ServerRoot (webpack-internal:///(app-pages-browser)/./node_modules/next/dist/client/app-index.js:112:27)
    at Root (webpack-internal:///(app-pages-browser)/./node_modules/next/dist/client/app-index.js:117:11)

React will try to recreate this component tree from scratch using the error boundary you provided, ErrorBoundaryHandler. @ webpack-internal:///(app-pages-browser)/./node_modules/next/dist/client/app-index.js:32
[   55379ms] [LOG] THREE.WebGLRenderer: Context Lost. @ webpack-internal:///(app-pages-browser)/./node_modules/three/build/three.module.js:29805
[   57506ms] [LOG] [Fast Refresh] rebuilding @ webpack-internal:///(app-pages-browser)/./node_modules/next/dist/client/components/react-dev-overlay/app/hot-reloader-client.js:186
[   57686ms] [LOG] [Fast Refresh] rebuilding @ webpack-internal:///(app-pages-browser)/./node_modules/next/dist/client/components/react-dev-overlay/app/hot-reloader-client.js:186
[   57713ms] [LOG] [Fast Refresh] done in 26ms @ webpack-internal:///(app-pages-browser)/./node_modules/next/dist/client/components/react-dev-overlay/app/hot-reloader-client.js:43
[   58019ms] [LOG] [Fast Refresh] done in 333ms @ webpack-internal:///(app-pages-browser)/./node_modules/next/dist/client/components/react-dev-overlay/app/hot-reloader-client.js:43
[   60933ms] [LOG] [Fast Refresh] rebuilding @ webpack-internal:///(app-pages-browser)/./node_modules/next/dist/client/components/react-dev-overlay/app/hot-reloader-client.js:186
[   61073ms] [LOG] [Fast Refresh] rebuilding @ webpack-internal:///(app-pages-browser)/./node_modules/next/dist/client/components/react-dev-overlay/app/hot-reloader-client.js:186
[   61167ms] [LOG] [Fast Refresh] done in 95ms @ webpack-internal:///(app-pages-browser)/./node_modules/next/dist/client/components/react-dev-overlay/app/hot-reloader-client.js:43
[   61252ms] [LOG] [Fast Refresh] done in 180ms @ webpack-internal:///(app-pages-browser)/./node_modules/next/dist/client/components/react-dev-overlay/app/hot-reloader-client.js:43
[   67569ms] [LOG] [Fast Refresh] rebuilding @ webpack-internal:///(app-pages-browser)/./node_modules/next/dist/client/components/react-dev-overlay/app/hot-reloader-client.js:186
[   67716ms] [LOG] [Fast Refresh] rebuilding @ webpack-internal:///(app-pages-browser)/./node_modules/next/dist/client/components/react-dev-overlay/app/hot-reloader-client.js:186
[   67778ms] [LOG] [Fast Refresh] done in 61ms @ webpack-internal:///(app-pages-browser)/./node_modules/next/dist/client/components/react-dev-overlay/app/hot-reloader-client.js:43
[   67956ms] [LOG] [Fast Refresh] done in 239ms @ webpack-internal:///(app-pages-browser)/./node_modules/next/dist/client/components/react-dev-overlay/app/hot-reloader-client.js:43
[   79695ms] [LOG] [Fast Refresh] rebuilding @ webpack-internal:///(app-pages-browser)/./node_modules/next/dist/client/components/react-dev-overlay/app/hot-reloader-client.js:186
[   79905ms] [LOG] [Fast Refresh] done in 211ms @ webpack-internal:///(app-pages-browser)/./node_modules/next/dist/client/components/react-dev-overlay/app/hot-reloader-client.js:43
[   84298ms] [LOG] [Fast Refresh] rebuilding @ webpack-internal:///(app-pages-browser)/./node_modules/next/dist/client/components/react-dev-overlay/app/hot-reloader-client.js:186
[   84500ms] [LOG] [Fast Refresh] rebuilding @ webpack-internal:///(app-pages-browser)/./node_modules/next/dist/client/components/react-dev-overlay/app/hot-reloader-client.js:186
[   84527ms] [LOG] [Fast Refresh] done in 26ms @ webpack-internal:///(app-pages-browser)/./node_modules/next/dist/client/components/react-dev-overlay/app/hot-reloader-client.js:43
[   85617ms] [LOG] [Fast Refresh] done in 1116ms @ webpack-internal:///(app-pages-browser)/./node_modules/next/dist/client/components/react-dev-overlay/app/hot-reloader-client.js:43
